<?xml version="1.0" encoding="UTF-8"?>
<!-- Generated by org.testng.reporters.JUnitReportReporter -->
<testsuite skipped="0" hostname="NZNCGUVCPXQM2UF" name="myStudy.file.test.ExcelFileTest" tests="1" failures="0" timestamp="26 六月 2019 13:17:17 GMT" time="0.640" errors="0">
  <testcase name="onlyRead" time="0.640" classname="myStudy.file.test.ExcelFileTest"/>
</testsuite> <!-- myStudy.file.test.ExcelFileTest -->
